[    2826ms] Uncaught (in promise) Error: Error in queryTasks



https://jules.google.com/session
    at Ip._.T.Object.assign.Nb (https://www.gstatic.com/_/mss/boq-pitchfork/_/js/k=boq-pitchfork.Swebot.en_US.pF_QI9NiuPE.2018.O/d=1/excm=_b/ed=1/dg=0/br=1/wt=2/ujg=1/rs=AFTLRidQJi0sTvT_z_BsGA1rHwVjPvfmlg/ee=Pjplud:PoEs9b;QGR0gd:Mlhmy;ScI3Yc:e7Hzgb;YIZmRd:A1yn5d;cEt90b:ws9Tlc;dowIGb:ebZ3mb/dti=1/m=_b:718:340)
    at mI (https://www.gstatic.com/_/mss/boq-pitchfork/_/js/k=boq-pitchfork.Swebot.en_US.pF_QI9NiuPE.2018.O/d=1/excm=_b/ed=1/dg=0/br=1/wt=2/ujg=1/rs=AFTLRidQJi0sTvT_z_BsGA1rHwVjPvfmlg/ee=Pjplud:PoEs9b;QGR0gd:Mlhmy;ScI3Yc:e7Hzgb;YIZmRd:A1yn5d;cEt90b:ws9Tlc;dowIGb:ebZ3mb/dti=1/m=_b:655:573)
    at rf (https://www.gstatic.com/_/mss/boq-pitchfork/_/js/k=boq-pitchfork.Swebot.en_US.pF_QI9NiuPE.2018.O/d=1/excm=_b/ed=1/dg=0/br=1/wt=2/ujg=1/rs=AFTLRidQJi0sTvT_z_BsGA1rHwVjPvfmlg/ee=Pjplud:PoEs9b;QGR0gd:Mlhmy;ScI3Yc:e7Hzgb;YIZmRd:A1yn5d;cEt90b:ws9Tlc;dowIGb:ebZ3mb/dti=1/m=_b:158:70)
    at qf (https://www.gstatic.com/_/mss/boq-pitchfork/_/js/k=boq-pitchfork.Swebot.en_US.pF_QI9NiuPE.2018.O/d=1/excm=_b/ed=1/dg=0/br=1/wt=2/ujg=1/rs=AFTLRidQJi0sTvT_z_BsGA1rHwVjPvfmlg/ee=Pjplud:PoEs9b;QGR0gd:Mlhmy;ScI3Yc:e7Hzgb;YIZmRd:A1yn5d;cEt90b:ws9Tlc;dowIGb:ebZ3mb/dti=1/m=_b:159:254)
    at rf (https://www.gstatic.com/_/mss/boq-pitchfork/_/js/k=boq-pitchfork.Swebot.en_US.pF_QI9NiuPE.2018.O/d=1/excm=_b/ed=1/dg=0/br=1/wt=2/ujg=1/rs=AFTLRidQJi0sTvT_z_BsGA1rHwVjPvfmlg/ee=Pjplud:PoEs9b;QGR0gd:Mlhmy;ScI3Yc:e7Hzgb;YIZmRd:A1yn5d;cEt90b:ws9Tlc;dowIGb:ebZ3mb/dti=1/m=_b:158:60)
    at qf (https://www.gstatic.com/_/mss/boq-pitchfork/_/js/k=boq-pitchfork.Swebot.en_US.pF_QI9NiuPE.2018.O/d=1/excm=_b/ed=1/dg=0/br=1/wt=2/ujg=1/rs=AFTLRidQJi0sTvT_z_BsGA1rHwVjPvfmlg/ee=Pjplud:PoEs9b;QGR0gd:Mlhmy;ScI3Yc:e7Hzgb;YIZmRd:A1yn5d;cEt90b:ws9Tlc;dowIGb:ebZ3mb/dti=1/m=_b:159:254)
    at rf (https://www.gstatic.com/_/mss/boq-pitchfork/_/js/k=boq-pitchfork.Swebot.en_US.pF_QI9NiuPE.2018.O/d=1/excm=_b/ed=1/dg=0/br=1/wt=2/ujg=1/rs=AFTLRidQJi0sTvT_z_BsGA1rHwVjPvfmlg/ee=Pjplud:PoEs9b;QGR0gd:Mlhmy;ScI3Yc:e7Hzgb;YIZmRd:A1yn5d;cEt90b:ws9Tlc;dowIGb:ebZ3mb/dti=1/m=_b:158:60)
    at qf (https://www.gstatic.com/_/mss/boq-pitchfork/_/js/k=boq-pitchfork.Swebot.en_US.pF_QI9NiuPE.2018.O/d=1/excm=_b/ed=1/dg=0/br=1/wt=2/ujg=1/rs=AFTLRidQJi0sTvT_z_BsGA1rHwVjPvfmlg/ee=Pjplud:PoEs9b;QGR0gd:Mlhmy;ScI3Yc:e7Hzgb;YIZmRd:A1yn5d;cEt90b:ws9Tlc;dowIGb:ebZ3mb/dti=1/m=_b:159:254)
    at rf (https://www.gstatic.com/_/mss/boq-pitchfork/_/js/k=boq-pitchfork.Swebot.en_US.pF_QI9NiuPE.2018.O/d=1/excm=_b/ed=1/dg=0/br=1/wt=2/ujg=1/rs=AFTLRidQJi0sTvT_z_BsGA1rHwVjPvfmlg/ee=Pjplud:PoEs9b;QGR0gd:Mlhmy;ScI3Yc:e7Hzgb;YIZmRd:A1yn5d;cEt90b:ws9Tlc;dowIGb:ebZ3mb/dti=1/m=_b:158:60)
    at qf (https://www.gstatic.com/_/mss/boq-pitchfork/_/js/k=boq-pitchfork.Swebot.en_US.pF_QI9NiuPE.2018.O/d=1/excm=_b/ed=1/dg=0/br=1/wt=2/ujg=1/rs=AFTLRidQJi0sTvT_z_BsGA1rHwVjPvfmlg/ee=Pjplud:PoEs9b;QGR0gd:Mlhmy;ScI3Yc:e7Hzgb;YIZmRd:A1yn5d;cEt90b:ws9Tlc;dowIGb:ebZ3mb/dti=1/m=_b:159:254)
    at rf (https://www.gstatic.com/_/mss/boq-pitchfork/_/js/k=boq-pitchfork.Swebot.en_US.pF_QI9NiuPE.2018.O/d=1/excm=_b/ed=1/dg=0/br=1/wt=2/ujg=1/rs=AFTLRidQJi0sTvT_z_BsGA1rHwVjPvfmlg/ee=Pjplud:PoEs9b;QGR0gd:Mlhmy;ScI3Yc:e7Hzgb;YIZmRd:A1yn5d;cEt90b:ws9Tlc;dowIGb:ebZ3mb/dti=1/m=_b:158:60)
    at qf (https://www.gstatic.com/_/mss/boq-pitchfork/_/js/k=boq-pitchfork.Swebot.en_US.pF_QI9NiuPE.2018.O/d=1/excm=_b/ed=1/dg=0/br=1/wt=2/ujg=1/rs=AFTLRidQJi0sTvT_z_BsGA1rHwVjPvfmlg/ee=Pjplud:PoEs9b;QGR0gd:Mlhmy;ScI3Yc:e7Hzgb;YIZmRd:A1yn5d;cEt90b:ws9Tlc;dowIGb:ebZ3mb/dti=1/m=_b:159:254)
    at rf (https://www.gstatic.com/_/mss/boq-pitchfork/_/js/k=boq-pitchfork.Swebot.en_US.pF_QI9NiuPE.2018.O/d=1/excm=_b/ed=1/dg=0/br=1/wt=2/ujg=1/rs=AFTLRidQJi0sTvT_z_BsGA1rHwVjPvfmlg/ee=Pjplud:PoEs9b;QGR0gd:Mlhmy;ScI3Yc:e7Hzgb;YIZmRd:A1yn5d;cEt90b:ws9Tlc;dowIGb:ebZ3mb/dti=1/m=_b:158:60)
    at qf (https://www.gstatic.com/_/mss/boq-pitchfork/_/js/k=boq-pitchfork.Swebot.en_US.pF_QI9NiuPE.2018.O/d=1/excm=_b/ed=1/dg=0/br=1/wt=2/ujg=1/rs=AFTLRidQJi0sTvT_z_BsGA1rHwVjPvfmlg/ee=Pjplud:PoEs9b;QGR0gd:Mlhmy;ScI3Yc:e7Hzgb;YIZmRd:A1yn5d;cEt90b:ws9Tlc;dowIGb:ebZ3mb/dti=1/m=_b:159:254)
    at run (https://www.gstatic.com/_/mss/boq-pitchfork/_/js/k=boq-pitchfork.Swebot.en_US.pF_QI9NiuPE.2018.O/d=1/excm=_b/ed=1/dg=0/br=1/wt=2/ujg=1/rs=AFTLRidQJi0sTvT_z_BsGA1rHwVjPvfmlg/ee=Pjplud:PoEs9b;QGR0gd:Mlhmy;ScI3Yc:e7Hzgb;YIZmRd:A1yn5d;cEt90b:ws9Tlc;dowIGb:ebZ3mb/dti=1/m=_b:696:193)
    at fna (https://www.gstatic.com/_/mss/boq-pitchfork/_/js/k=boq-pitchfork.Swebot.en_US.pF_QI9NiuPE.2018.O/d=1/excm=_b/ed=1/dg=0/br=1/wt=2/ujg=1/rs=AFTLRidQJi0sTvT_z_BsGA1rHwVjPvfmlg/ee=Pjplud:PoEs9b;QGR0gd:Mlhmy;ScI3Yc:e7Hzgb;YIZmRd:A1yn5d;cEt90b:ws9Tlc;dowIGb:ebZ3mb/dti=1/m=_b:695:68)
    at flush (https://www.gstatic.com/_/mss/boq-pitchfork/_/js/k=boq-pitchfork.Swebot.en_US.pF_QI9NiuPE.2018.O/d=1/excm=_b/ed=1/dg=0/br=1/wt=2/ujg=1/rs=AFTLRidQJi0sTvT_z_BsGA1rHwVjPvfmlg/ee=Pjplud:PoEs9b;QGR0gd:Mlhmy;ScI3Yc:e7Hzgb;YIZmRd:A1yn5d;cEt90b:ws9Tlc;dowIGb:ebZ3mb/dti=1/m=_b:695:448)
    at T (https://www.gstatic.com/_/mss/boq-pitchfork/_/js/k=boq-pitchfork.Swebot.en_US.pF_QI9NiuPE.2018.O/d=1/excm=_b/ed=1/dg=0/br=1/wt=2/ujg=1/rs=AFTLRidQJi0sTvT_z_BsGA1rHwVjPvfmlg/ee=Pjplud:PoEs9b;QGR0gd:Mlhmy;ScI3Yc:e7Hzgb;YIZmRd:A1yn5d;cEt90b:ws9Tlc;dowIGb:ebZ3mb/dti=1/m=_b:699:278)
    at kna (https://www.gstatic.com/_/mss/boq-pitchfork/_/js/k=boq-pitchfork.Swebot.en_US.pF_QI9NiuPE.2018.O/d=1/excm=_b/ed=1/dg=0/br=1/wt=2/ujg=1/rs=AFTLRidQJi0sTvT_z_BsGA1rHwVjPvfmlg/ee=Pjplud:PoEs9b;QGR0gd:Mlhmy;ScI3Yc:e7Hzgb;YIZmRd:A1yn5d;cEt90b:ws9Tlc;dowIGb:ebZ3mb/dti=1/m=_b:697:909)
    at <anonymous> (https://www.gstatic.com/_/mss/boq-pitchfork/_/js/k=boq-pitchfork.Swebot.en_US.pF_QI9NiuPE.2018.O/d=1/excm=_b/ed=1/dg=0/br=1/wt=2/ujg=1/rs=AFTLRidQJi0sTvT_z_BsGA1rHwVjPvfmlg/ee=Pjplud:PoEs9b;QGR0gd:Mlhmy;ScI3Yc:e7Hzgb;YIZmRd:A1yn5d;cEt90b:ws9Tlc;dowIGb:ebZ3mb/dti=1/m=_b:714:461)
    at run (https://www.gstatic.com/_/mss/boq-pitchfork/_/js/k=boq-pitchfork.Swebot.en_US.pF_QI9NiuPE.2018.O/d=1/excm=_b/ed=1/dg=0/br=1/wt=2/ujg=1/rs=AFTLRidQJi0sTvT_z_BsGA1rHwVjPvfmlg/ee=Pjplud:PoEs9b;QGR0gd:Mlhmy;ScI3Yc:e7Hzgb;YIZmRd:A1yn5d;cEt90b:ws9Tlc;dowIGb:ebZ3mb/dti=1/m=_b:682:152)
    at vna (https://www.gstatic.com/_/mss/boq-pitchfork/_/js/k=boq-pitchfork.Swebot.en_US.pF_QI9NiuPE.2018.O/d=1/excm=_b/ed=1/dg=0/br=1/wt=2/ujg=1/rs=AFTLRidQJi0sTvT_z_BsGA1rHwVjPvfmlg/ee=Pjplud:PoEs9b;QGR0gd:Mlhmy;ScI3Yc:e7Hzgb;YIZmRd:A1yn5d;cEt90b:ws9Tlc;dowIGb:ebZ3mb/dti=1/m=_b:714:445)
    at <anonymous> (https://www.gstatic.com/_/mss/boq-pitchfork/_/js/k=boq-pitchfork.Swebot.en_US.pF_QI9NiuPE.2018.O/d=1/excm=_b/ed=1/dg=0/br=1/wt=2/ujg=1/rs=AFTLRidQJi0sTvT_z_BsGA1rHwVjPvfmlg/ee=Pjplud:PoEs9b;QGR0gd:Mlhmy;ScI3Yc:e7Hzgb;YIZmRd:A1yn5d;cEt90b:ws9Tlc;dowIGb:ebZ3mb/dti=1/m=_b:716:424)
    at <anonymous> (https://www.gstatic.com/_/mss/boq-pitchfork/_/js/k=boq-pitchfork.Swebot.en_US.pF_QI9NiuPE.2018.O/d=1/excm=_b/ed=1/dg=0/br=1/wt=2/ujg=1/rs=AFTLRidQJi0sTvT_z_BsGA1rHwVjPvfmlg/ee=Pjplud:PoEs9b;QGR0gd:Mlhmy;ScI3Yc:e7Hzgb;YIZmRd:A1yn5d;cEt90b:ws9Tlc;dowIGb:ebZ3mb/dti=1/m=_b:219:278)
    at c (https://www.gstatic.com/_/mss/boq-pitchfork/_/js/k=boq-pitchfork.Swebot.en_US.pF_QI9NiuPE.2018.O/d=1/excm=_b/ed=1/dg=0/br=1/wt=2/ujg=1/rs=AFTLRidQJi0sTvT_z_BsGA1rHwVjPvfmlg/ee=Pjplud:PoEs9b;QGR0gd:Mlhmy;ScI3Yc:e7Hzgb;YIZmRd:A1yn5d;cEt90b:ws9Tlc;dowIGb:ebZ3mb/dti=1/m=_b:837:254)
[    2906ms] [ERROR] Error fetching user profile _.Xy @ https://www.gstatic.com/_/mss/boq-pitchfork/_/js/k=boq-pitchfork.Swebot.en_US.pF_QI9NiuPE.2018.O/d=1/excm=_b/ed=1/dg=0/br=1/wt=2/ujg=1/rs=AFTLRidQJi0sTvT_z_BsGA1rHwVjPvfmlg/ee=Pjplud:PoEs9b;QGR0gd:Mlhmy;ScI3Yc:e7Hzgb;YIZmRd:A1yn5d;cEt90b:ws9Tlc;dowIGb:ebZ3mb/dti=1/m=_b:1765
[    6752ms] Uncaught (in promise) Error: Error in queryTasks



https://jules.google.com/session
    at Ip._.T.Object.assign.Nb (https://www.gstatic.com/_/mss/boq-pitchfork/_/js/k=boq-pitchfork.Swebot.en_US.pF_QI9NiuPE.2018.O/d=1/excm=_b/ed=1/dg=0/br=1/wt=2/ujg=1/rs=AFTLRidQJi0sTvT_z_BsGA1rHwVjPvfmlg/ee=Pjplud:PoEs9b;QGR0gd:Mlhmy;ScI3Yc:e7Hzgb;YIZmRd:A1yn5d;cEt90b:ws9Tlc;dowIGb:ebZ3mb/dti=1/m=_b:718:340)
    at mI (https://www.gstatic.com/_/mss/boq-pitchfork/_/js/k=boq-pitchfork.Swebot.en_US.pF_QI9NiuPE.2018.O/d=1/excm=_b/ed=1/dg=0/br=1/wt=2/ujg=1/rs=AFTLRidQJi0sTvT_z_BsGA1rHwVjPvfmlg/ee=Pjplud:PoEs9b;QGR0gd:Mlhmy;ScI3Yc:e7Hzgb;YIZmRd:A1yn5d;cEt90b:ws9Tlc;dowIGb:ebZ3mb/dti=1/m=_b:655:573)
    at rf (https://www.gstatic.com/_/mss/boq-pitchfork/_/js/k=boq-pitchfork.Swebot.en_US.pF_QI9NiuPE.2018.O/d=1/excm=_b/ed=1/dg=0/br=1/wt=2/ujg=1/rs=AFTLRidQJi0sTvT_z_BsGA1rHwVjPvfmlg/ee=Pjplud:PoEs9b;QGR0gd:Mlhmy;ScI3Yc:e7Hzgb;YIZmRd:A1yn5d;cEt90b:ws9Tlc;dowIGb:ebZ3mb/dti=1/m=_b:158:70)
    at qf (https://www.gstatic.com/_/mss/boq-pitchfork/_/js/k=boq-pitchfork.Swebot.en_US.pF_QI9NiuPE.2018.O/d=1/excm=_b/ed=1/dg=0/br=1/wt=2/ujg=1/rs=AFTLRidQJi0sTvT_z_BsGA1rHwVjPvfmlg/ee=Pjplud:PoEs9b;QGR0gd:Mlhmy;ScI3Yc:e7Hzgb;YIZmRd:A1yn5d;cEt90b:ws9Tlc;dowIGb:ebZ3mb/dti=1/m=_b:159:254)
    at rf (https://www.gstatic.com/_/mss/boq-pitchfork/_/js/k=boq-pitchfork.Swebot.en_US.pF_QI9NiuPE.2018.O/d=1/excm=_b/ed=1/dg=0/br=1/wt=2/ujg=1/rs=AFTLRidQJi0sTvT_z_BsGA1rHwVjPvfmlg/ee=Pjplud:PoEs9b;QGR0gd:Mlhmy;ScI3Yc:e7Hzgb;YIZmRd:A1yn5d;cEt90b:ws9Tlc;dowIGb:ebZ3mb/dti=1/m=_b:158:60)
    at qf (https://www.gstatic.com/_/mss/boq-pitchfork/_/js/k=boq-pitchfork.Swebot.en_US.pF_QI9NiuPE.2018.O/d=1/excm=_b/ed=1/dg=0/br=1/wt=2/ujg=1/rs=AFTLRidQJi0sTvT_z_BsGA1rHwVjPvfmlg/ee=Pjplud:PoEs9b;QGR0gd:Mlhmy;ScI3Yc:e7Hzgb;YIZmRd:A1yn5d;cEt90b:ws9Tlc;dowIGb:ebZ3mb/dti=1/m=_b:159:254)
    at rf (https://www.gstatic.com/_/mss/boq-pitchfork/_/js/k=boq-pitchfork.Swebot.en_US.pF_QI9NiuPE.2018.O/d=1/excm=_b/ed=1/dg=0/br=1/wt=2/ujg=1/rs=AFTLRidQJi0sTvT_z_BsGA1rHwVjPvfmlg/ee=Pjplud:PoEs9b;QGR0gd:Mlhmy;ScI3Yc:e7Hzgb;YIZmRd:A1yn5d;cEt90b:ws9Tlc;dowIGb:ebZ3mb/dti=1/m=_b:158:60)
    at qf (https://www.gstatic.com/_/mss/boq-pitchfork/_/js/k=boq-pitchfork.Swebot.en_US.pF_QI9NiuPE.2018.O/d=1/excm=_b/ed=1/dg=0/br=1/wt=2/ujg=1/rs=AFTLRidQJi0sTvT_z_BsGA1rHwVjPvfmlg/ee=Pjplud:PoEs9b;QGR0gd:Mlhmy;ScI3Yc:e7Hzgb;YIZmRd:A1yn5d;cEt90b:ws9Tlc;dowIGb:ebZ3mb/dti=1/m=_b:159:254)
    at rf (https://www.gstatic.com/_/mss/boq-pitchfork/_/js/k=boq-pitchfork.Swebot.en_US.pF_QI9NiuPE.2018.O/d=1/excm=_b/ed=1/dg=0/br=1/wt=2/ujg=1/rs=AFTLRidQJi0sTvT_z_BsGA1rHwVjPvfmlg/ee=Pjplud:PoEs9b;QGR0gd:Mlhmy;ScI3Yc:e7Hzgb;YIZmRd:A1yn5d;cEt90b:ws9Tlc;dowIGb:ebZ3mb/dti=1/m=_b:158:60)
    at qf (https://www.gstatic.com/_/mss/boq-pitchfork/_/js/k=boq-pitchfork.Swebot.en_US.pF_QI9NiuPE.2018.O/d=1/excm=_b/ed=1/dg=0/br=1/wt=2/ujg=1/rs=AFTLRidQJi0sTvT_z_BsGA1rHwVjPvfmlg/ee=Pjplud:PoEs9b;QGR0gd:Mlhmy;ScI3Yc:e7Hzgb;YIZmRd:A1yn5d;cEt90b:ws9Tlc;dowIGb:ebZ3mb/dti=1/m=_b:159:254)
    at rf (https://www.gstatic.com/_/mss/boq-pitchfork/_/js/k=boq-pitchfork.Swebot.en_US.pF_QI9NiuPE.2018.O/d=1/excm=_b/ed=1/dg=0/br=1/wt=2/ujg=1/rs=AFTLRidQJi0sTvT_z_BsGA1rHwVjPvfmlg/ee=Pjplud:PoEs9b;QGR0gd:Mlhmy;ScI3Yc:e7Hzgb;YIZmRd:A1yn5d;cEt90b:ws9Tlc;dowIGb:ebZ3mb/dti=1/m=_b:158:60)
    at qf (https://www.gstatic.com/_/mss/boq-pitchfork/_/js/k=boq-pitchfork.Swebot.en_US.pF_QI9NiuPE.2018.O/d=1/excm=_b/ed=1/dg=0/br=1/wt=2/ujg=1/rs=AFTLRidQJi0sTvT_z_BsGA1rHwVjPvfmlg/ee=Pjplud:PoEs9b;QGR0gd:Mlhmy;ScI3Yc:e7Hzgb;YIZmRd:A1yn5d;cEt90b:ws9Tlc;dowIGb:ebZ3mb/dti=1/m=_b:159:254)
    at rf (https://www.gstatic.com/_/mss/boq-pitchfork/_/js/k=boq-pitchfork.Swebot.en_US.pF_QI9NiuPE.2018.O/d=1/excm=_b/ed=1/dg=0/br=1/wt=2/ujg=1/rs=AFTLRidQJi0sTvT_z_BsGA1rHwVjPvfmlg/ee=Pjplud:PoEs9b;QGR0gd:Mlhmy;ScI3Yc:e7Hzgb;YIZmRd:A1yn5d;cEt90b:ws9Tlc;dowIGb:ebZ3mb/dti=1/m=_b:158:60)
    at qf (https://www.gstatic.com/_/mss/boq-pitchfork/_/js/k=boq-pitchfork.Swebot.en_US.pF_QI9NiuPE.2018.O/d=1/excm=_b/ed=1/dg=0/br=1/wt=2/ujg=1/rs=AFTLRidQJi0sTvT_z_BsGA1rHwVjPvfmlg/ee=Pjplud:PoEs9b;QGR0gd:Mlhmy;ScI3Yc:e7Hzgb;YIZmRd:A1yn5d;cEt90b:ws9Tlc;dowIGb:ebZ3mb/dti=1/m=_b:159:254)
    at run (https://www.gstatic.com/_/mss/boq-pitchfork/_/js/k=boq-pitchfork.Swebot.en_US.pF_QI9NiuPE.2018.O/d=1/excm=_b/ed=1/dg=0/br=1/wt=2/ujg=1/rs=AFTLRidQJi0sTvT_z_BsGA1rHwVjPvfmlg/ee=Pjplud:PoEs9b;QGR0gd:Mlhmy;ScI3Yc:e7Hzgb;YIZmRd:A1yn5d;cEt90b:ws9Tlc;dowIGb:ebZ3mb/dti=1/m=_b:696:193)
    at fna (https://www.gstatic.com/_/mss/boq-pitchfork/_/js/k=boq-pitchfork.Swebot.en_US.pF_QI9NiuPE.2018.O/d=1/excm=_b/ed=1/dg=0/br=1/wt=2/ujg=1/rs=AFTLRidQJi0sTvT_z_BsGA1rHwVjPvfmlg/ee=Pjplud:PoEs9b;QGR0gd:Mlhmy;ScI3Yc:e7Hzgb;YIZmRd:A1yn5d;cEt90b:ws9Tlc;dowIGb:ebZ3mb/dti=1/m=_b:695:68)
    at flush (https://www.gstatic.com/_/mss/boq-pitchfork/_/js/k=boq-pitchfork.Swebot.en_US.pF_QI9NiuPE.2018.O/d=1/excm=_b/ed=1/dg=0/br=1/wt=2/ujg=1/rs=AFTLRidQJi0sTvT_z_BsGA1rHwVjPvfmlg/ee=Pjplud:PoEs9b;QGR0gd:Mlhmy;ScI3Yc:e7Hzgb;YIZmRd:A1yn5d;cEt90b:ws9Tlc;dowIGb:ebZ3mb/dti=1/m=_b:695:448)
    at T (https://www.gstatic.com/_/mss/boq-pitchfork/_/js/k=boq-pitchfork.Swebot.en_US.pF_QI9NiuPE.2018.O/d=1/excm=_b/ed=1/dg=0/br=1/wt=2/ujg=1/rs=AFTLRidQJi0sTvT_z_BsGA1rHwVjPvfmlg/ee=Pjplud:PoEs9b;QGR0gd:Mlhmy;ScI3Yc:e7Hzgb;YIZmRd:A1yn5d;cEt90b:ws9Tlc;dowIGb:ebZ3mb/dti=1/m=_b:699:278)
    at kna (https://www.gstatic.com/_/mss/boq-pitchfork/_/js/k=boq-pitchfork.Swebot.en_US.pF_QI9NiuPE.2018.O/d=1/excm=_b/ed=1/dg=0/br=1/wt=2/ujg=1/rs=AFTLRidQJi0sTvT_z_BsGA1rHwVjPvfmlg/ee=Pjplud:PoEs9b;QGR0gd:Mlhmy;ScI3Yc:e7Hzgb;YIZmRd:A1yn5d;cEt90b:ws9Tlc;dowIGb:ebZ3mb/dti=1/m=_b:697:909)
    at <anonymous> (https://www.gstatic.com/_/mss/boq-pitchfork/_/js/k=boq-pitchfork.Swebot.en_US.pF_QI9NiuPE.2018.O/d=1/excm=_b/ed=1/dg=0/br=1/wt=2/ujg=1/rs=AFTLRidQJi0sTvT_z_BsGA1rHwVjPvfmlg/ee=Pjplud:PoEs9b;QGR0gd:Mlhmy;ScI3Yc:e7Hzgb;YIZmRd:A1yn5d;cEt90b:ws9Tlc;dowIGb:ebZ3mb/dti=1/m=_b:714:461)
    at run (https://www.gstatic.com/_/mss/boq-pitchfork/_/js/k=boq-pitchfork.Swebot.en_US.pF_QI9NiuPE.2018.O/d=1/excm=_b/ed=1/dg=0/br=1/wt=2/ujg=1/rs=AFTLRidQJi0sTvT_z_BsGA1rHwVjPvfmlg/ee=Pjplud:PoEs9b;QGR0gd:Mlhmy;ScI3Yc:e7Hzgb;YIZmRd:A1yn5d;cEt90b:ws9Tlc;dowIGb:ebZ3mb/dti=1/m=_b:682:152)
    at vna (https://www.gstatic.com/_/mss/boq-pitchfork/_/js/k=boq-pitchfork.Swebot.en_US.pF_QI9NiuPE.2018.O/d=1/excm=_b/ed=1/dg=0/br=1/wt=2/ujg=1/rs=AFTLRidQJi0sTvT_z_BsGA1rHwVjPvfmlg/ee=Pjplud:PoEs9b;QGR0gd:Mlhmy;ScI3Yc:e7Hzgb;YIZmRd:A1yn5d;cEt90b:ws9Tlc;dowIGb:ebZ3mb/dti=1/m=_b:714:445)
    at <anonymous> (https://www.gstatic.com/_/mss/boq-pitchfork/_/js/k=boq-pitchfork.Swebot.en_US.pF_QI9NiuPE.2018.O/d=1/excm=_b/ed=1/dg=0/br=1/wt=2/ujg=1/rs=AFTLRidQJi0sTvT_z_BsGA1rHwVjPvfmlg/ee=Pjplud:PoEs9b;QGR0gd:Mlhmy;ScI3Yc:e7Hzgb;YIZmRd:A1yn5d;cEt90b:ws9Tlc;dowIGb:ebZ3mb/dti=1/m=_b:716:424)
    at <anonymous> (https://www.gstatic.com/_/mss/boq-pitchfork/_/js/k=boq-pitchfork.Swebot.en_US.pF_QI9NiuPE.2018.O/d=1/excm=_b/ed=1/dg=0/br=1/wt=2/ujg=1/rs=AFTLRidQJi0sTvT_z_BsGA1rHwVjPvfmlg/ee=Pjplud:PoEs9b;QGR0gd:Mlhmy;ScI3Yc:e7Hzgb;YIZmRd:A1yn5d;cEt90b:ws9Tlc;dowIGb:ebZ3mb/dti=1/m=_b:219:278)
    at c (https://www.gstatic.com/_/mss/boq-pitchfork/_/js/k=boq-pitchfork.Swebot.en_US.pF_QI9NiuPE.2018.O/d=1/excm=_b/ed=1/dg=0/br=1/wt=2/ujg=1/rs=AFTLRidQJi0sTvT_z_BsGA1rHwVjPvfmlg/ee=Pjplud:PoEs9b;QGR0gd:Mlhmy;ScI3Yc:e7Hzgb;YIZmRd:A1yn5d;cEt90b:ws9Tlc;dowIGb:ebZ3mb/dti=1/m=_b:837:254)
[   10764ms] Uncaught (in promise) Error: Error in queryTasks



https://jules.google.com/session
    at Ip._.T.Object.assign.Nb (https://www.gstatic.com/_/mss/boq-pitchfork/_/js/k=boq-pitchfork.Swebot.en_US.pF_QI9NiuPE.2018.O/d=1/excm=_b/ed=1/dg=0/br=1/wt=2/ujg=1/rs=AFTLRidQJi0sTvT_z_BsGA1rHwVjPvfmlg/ee=Pjplud:PoEs9b;QGR0gd:Mlhmy;ScI3Yc:e7Hzgb;YIZmRd:A1yn5d;cEt90b:ws9Tlc;dowIGb:ebZ3mb/dti=1/m=_b:718:340)
    at mI (https://www.gstatic.com/_/mss/boq-pitchfork/_/js/k=boq-pitchfork.Swebot.en_US.pF_QI9NiuPE.2018.O/d=1/excm=_b/ed=1/dg=0/br=1/wt=2/ujg=1/rs=AFTLRidQJi0sTvT_z_BsGA1rHwVjPvfmlg/ee=Pjplud:PoEs9b;QGR0gd:Mlhmy;ScI3Yc:e7Hzgb;YIZmRd:A1yn5d;cEt90b:ws9Tlc;dowIGb:ebZ3mb/dti=1/m=_b:655:573)
    at rf (https://www.gstatic.com/_/mss/boq-pitchfork/_/js/k=boq-pitchfork.Swebot.en_US.pF_QI9NiuPE.2018.O/d=1/excm=_b/ed=1/dg=0/br=1/wt=2/ujg=1/rs=AFTLRidQJi0sTvT_z_BsGA1rHwVjPvfmlg/ee=Pjplud:PoEs9b;QGR0gd:Mlhmy;ScI3Yc:e7Hzgb;YIZmRd:A1yn5d;cEt90b:ws9Tlc;dowIGb:ebZ3mb/dti=1/m=_b:158:70)
    at qf (https://www.gstatic.com/_/mss/boq-pitchfork/_/js/k=boq-pitchfork.Swebot.en_US.pF_QI9NiuPE.2018.O/d=1/excm=_b/ed=1/dg=0/br=1/wt=2/ujg=1/rs=AFTLRidQJi0sTvT_z_BsGA1rHwVjPvfmlg/ee=Pjplud:PoEs9b;QGR0gd:Mlhmy;ScI3Yc:e7Hzgb;YIZmRd:A1yn5d;cEt90b:ws9Tlc;dowIGb:ebZ3mb/dti=1/m=_b:159:254)
    at rf (https://www.gstatic.com/_/mss/boq-pitchfork/_/js/k=boq-pitchfork.Swebot.en_US.pF_QI9NiuPE.2018.O/d=1/excm=_b/ed=1/dg=0/br=1/wt=2/ujg=1/rs=AFTLRidQJi0sTvT_z_BsGA1rHwVjPvfmlg/ee=Pjplud:PoEs9b;QGR0gd:Mlhmy;ScI3Yc:e7Hzgb;YIZmRd:A1yn5d;cEt90b:ws9Tlc;dowIGb:ebZ3mb/dti=1/m=_b:158:60)
    at qf (https://www.gstatic.com/_/mss/boq-pitchfork/_/js/k=boq-pitchfork.Swebot.en_US.pF_QI9NiuPE.2018.O/d=1/excm=_b/ed=1/dg=0/br=1/wt=2/ujg=1/rs=AFTLRidQJi0sTvT_z_BsGA1rHwVjPvfmlg/ee=Pjplud:PoEs9b;QGR0gd:Mlhmy;ScI3Yc:e7Hzgb;YIZmRd:A1yn5d;cEt90b:ws9Tlc;dowIGb:ebZ3mb/dti=1/m=_b:159:254)
    at rf (https://www.gstatic.com/_/mss/boq-pitchfork/_/js/k=boq-pitchfork.Swebot.en_US.pF_QI9NiuPE.2018.O/d=1/excm=_b/ed=1/dg=0/br=1/wt=2/ujg=1/rs=AFTLRidQJi0sTvT_z_BsGA1rHwVjPvfmlg/ee=Pjplud:PoEs9b;QGR0gd:Mlhmy;ScI3Yc:e7Hzgb;YIZmRd:A1yn5d;cEt90b:ws9Tlc;dowIGb:ebZ3mb/dti=1/m=_b:158:60)
    at qf (https://www.gstatic.com/_/mss/boq-pitchfork/_/js/k=boq-pitchfork.Swebot.en_US.pF_QI9NiuPE.2018.O/d=1/excm=_b/ed=1/dg=0/br=1/wt=2/ujg=1/rs=AFTLRidQJi0sTvT_z_BsGA1rHwVjPvfmlg/ee=Pjplud:PoEs9b;QGR0gd:Mlhmy;ScI3Yc:e7Hzgb;YIZmRd:A1yn5d;cEt90b:ws9Tlc;dowIGb:ebZ3mb/dti=1/m=_b:159:254)
    at rf (https://www.gstatic.com/_/mss/boq-pitchfork/_/js/k=boq-pitchfork.Swebot.en_US.pF_QI9NiuPE.2018.O/d=1/excm=_b/ed=1/dg=0/br=1/wt=2/ujg=1/rs=AFTLRidQJi0sTvT_z_BsGA1rHwVjPvfmlg/ee=Pjplud:PoEs9b;QGR0gd:Mlhmy;ScI3Yc:e7Hzgb;YIZmRd:A1yn5d;cEt90b:ws9Tlc;dowIGb:ebZ3mb/dti=1/m=_b:158:60)
    at qf (https://www.gstatic.com/_/mss/boq-pitchfork/_/js/k=boq-pitchfork.Swebot.en_US.pF_QI9NiuPE.2018.O/d=1/excm=_b/ed=1/dg=0/br=1/wt=2/ujg=1/rs=AFTLRidQJi0sTvT_z_BsGA1rHwVjPvfmlg/ee=Pjplud:PoEs9b;QGR0gd:Mlhmy;ScI3Yc:e7Hzgb;YIZmRd:A1yn5d;cEt90b:ws9Tlc;dowIGb:ebZ3mb/dti=1/m=_b:159:254)
    at rf (https://www.gstatic.com/_/mss/boq-pitchfork/_/js/k=boq-pitchfork.Swebot.en_US.pF_QI9NiuPE.2018.O/d=1/excm=_b/ed=1/dg=0/br=1/wt=2/ujg=1/rs=AFTLRidQJi0sTvT_z_BsGA1rHwVjPvfmlg/ee=Pjplud:PoEs9b;QGR0gd:Mlhmy;ScI3Yc:e7Hzgb;YIZmRd:A1yn5d;cEt90b:ws9Tlc;dowIGb:ebZ3mb/dti=1/m=_b:158:60)
    at qf (https://www.gstatic.com/_/mss/boq-pitchfork/_/js/k=boq-pitchfork.Swebot.en_US.pF_QI9NiuPE.2018.O/d=1/excm=_b/ed=1/dg=0/br=1/wt=2/ujg=1/rs=AFTLRidQJi0sTvT_z_BsGA1rHwVjPvfmlg/ee=Pjplud:PoEs9b;QGR0gd:Mlhmy;ScI3Yc:e7Hzgb;YIZmRd:A1yn5d;cEt90b:ws9Tlc;dowIGb:ebZ3mb/dti=1/m=_b:159:254)
    at rf (https://www.gstatic.com/_/mss/boq-pitchfork/_/js/k=boq-pitchfork.Swebot.en_US.pF_QI9NiuPE.2018.O/d=1/excm=_b/ed=1/dg=0/br=1/wt=2/ujg=1/rs=AFTLRidQJi0sTvT_z_BsGA1rHwVjPvfmlg/ee=Pjplud:PoEs9b;QGR0gd:Mlhmy;ScI3Yc:e7Hzgb;YIZmRd:A1yn5d;cEt90b:ws9Tlc;dowIGb:ebZ3mb/dti=1/m=_b:158:60)
    at qf (https://www.gstatic.com/_/mss/boq-pitchfork/_/js/k=boq-pitchfork.Swebot.en_US.pF_QI9NiuPE.2018.O/d=1/excm=_b/ed=1/dg=0/br=1/wt=2/ujg=1/rs=AFTLRidQJi0sTvT_z_BsGA1rHwVjPvfmlg/ee=Pjplud:PoEs9b;QGR0gd:Mlhmy;ScI3Yc:e7Hzgb;YIZmRd:A1yn5d;cEt90b:ws9Tlc;dowIGb:ebZ3mb/dti=1/m=_b:159:254)
    at run (https://www.gstatic.com/_/mss/boq-pitchfork/_/js/k=boq-pitchfork.Swebot.en_US.pF_QI9NiuPE.2018.O/d=1/excm=_b/ed=1/dg=0/br=1/wt=2/ujg=1/rs=AFTLRidQJi0sTvT_z_BsGA1rHwVjPvfmlg/ee=Pjplud:PoEs9b;QGR0gd:Mlhmy;ScI3Yc:e7Hzgb;YIZmRd:A1yn5d;cEt90b:ws9Tlc;dowIGb:ebZ3mb/dti=1/m=_b:696:193)
    at fna (https://www.gstatic.com/_/mss/boq-pitchfork/_/js/k=boq-pitchfork.Swebot.en_US.pF_QI9NiuPE.2018.O/d=1/excm=_b/ed=1/dg=0/br=1/wt=2/ujg=1/rs=AFTLRidQJi0sTvT_z_BsGA1rHwVjPvfmlg/ee=Pjplud:PoEs9b;QGR0gd:Mlhmy;ScI3Yc:e7Hzgb;YIZmRd:A1yn5d;cEt90b:ws9Tlc;dowIGb:ebZ3mb/dti=1/m=_b:695:68)
    at flush (https://www.gstatic.com/_/mss/boq-pitchfork/_/js/k=boq-pitchfork.Swebot.en_US.pF_QI9NiuPE.2018.O/d=1/excm=_b/ed=1/dg=0/br=1/wt=2/ujg=1/rs=AFTLRidQJi0sTvT_z_BsGA1rHwVjPvfmlg/ee=Pjplud:PoEs9b;QGR0gd:Mlhmy;ScI3Yc:e7Hzgb;YIZmRd:A1yn5d;cEt90b:ws9Tlc;dowIGb:ebZ3mb/dti=1/m=_b:695:448)
    at T (https://www.gstatic.com/_/mss/boq-pitchfork/_/js/k=boq-pitchfork.Swebot.en_US.pF_QI9NiuPE.2018.O/d=1/excm=_b/ed=1/dg=0/br=1/wt=2/ujg=1/rs=AFTLRidQJi0sTvT_z_BsGA1rHwVjPvfmlg/ee=Pjplud:PoEs9b;QGR0gd:Mlhmy;ScI3Yc:e7Hzgb;YIZmRd:A1yn5d;cEt90b:ws9Tlc;dowIGb:ebZ3mb/dti=1/m=_b:699:278)
    at kna (https://www.gstatic.com/_/mss/boq-pitchfork/_/js/k=boq-pitchfork.Swebot.en_US.pF_QI9NiuPE.2018.O/d=1/excm=_b/ed=1/dg=0/br=1/wt=2/ujg=1/rs=AFTLRidQJi0sTvT_z_BsGA1rHwVjPvfmlg/ee=Pjplud:PoEs9b;QGR0gd:Mlhmy;ScI3Yc:e7Hzgb;YIZmRd:A1yn5d;cEt90b:ws9Tlc;dowIGb:ebZ3mb/dti=1/m=_b:697:909)
    at <anonymous> (https://www.gstatic.com/_/mss/boq-pitchfork/_/js/k=boq-pitchfork.Swebot.en_US.pF_QI9NiuPE.2018.O/d=1/excm=_b/ed=1/dg=0/br=1/wt=2/ujg=1/rs=AFTLRidQJi0sTvT_z_BsGA1rHwVjPvfmlg/ee=Pjplud:PoEs9b;QGR0gd:Mlhmy;ScI3Yc:e7Hzgb;YIZmRd:A1yn5d;cEt90b:ws9Tlc;dowIGb:ebZ3mb/dti=1/m=_b:714:461)
    at run (https://www.gstatic.com/_/mss/boq-pitchfork/_/js/k=boq-pitchfork.Swebot.en_US.pF_QI9NiuPE.2018.O/d=1/excm=_b/ed=1/dg=0/br=1/wt=2/ujg=1/rs=AFTLRidQJi0sTvT_z_BsGA1rHwVjPvfmlg/ee=Pjplud:PoEs9b;QGR0gd:Mlhmy;ScI3Yc:e7Hzgb;YIZmRd:A1yn5d;cEt90b:ws9Tlc;dowIGb:ebZ3mb/dti=1/m=_b:682:152)
    at vna (https://www.gstatic.com/_/mss/boq-pitchfork/_/js/k=boq-pitchfork.Swebot.en_US.pF_QI9NiuPE.2018.O/d=1/excm=_b/ed=1/dg=0/br=1/wt=2/ujg=1/rs=AFTLRidQJi0sTvT_z_BsGA1rHwVjPvfmlg/ee=Pjplud:PoEs9b;QGR0gd:Mlhmy;ScI3Yc:e7Hzgb;YIZmRd:A1yn5d;cEt90b:ws9Tlc;dowIGb:ebZ3mb/dti=1/m=_b:714:445)
    at <anonymous> (https://www.gstatic.com/_/mss/boq-pitchfork/_/js/k=boq-pitchfork.Swebot.en_US.pF_QI9NiuPE.2018.O/d=1/excm=_b/ed=1/dg=0/br=1/wt=2/ujg=1/rs=AFTLRidQJi0sTvT_z_BsGA1rHwVjPvfmlg/ee=Pjplud:PoEs9b;QGR0gd:Mlhmy;ScI3Yc:e7Hzgb;YIZmRd:A1yn5d;cEt90b:ws9Tlc;dowIGb:ebZ3mb/dti=1/m=_b:716:424)
    at <anonymous> (https://www.gstatic.com/_/mss/boq-pitchfork/_/js/k=boq-pitchfork.Swebot.en_US.pF_QI9NiuPE.2018.O/d=1/excm=_b/ed=1/dg=0/br=1/wt=2/ujg=1/rs=AFTLRidQJi0sTvT_z_BsGA1rHwVjPvfmlg/ee=Pjplud:PoEs9b;QGR0gd:Mlhmy;ScI3Yc:e7Hzgb;YIZmRd:A1yn5d;cEt90b:ws9Tlc;dowIGb:ebZ3mb/dti=1/m=_b:219:278)
    at c (https://www.gstatic.com/_/mss/boq-pitchfork/_/js/k=boq-pitchfork.Swebot.en_US.pF_QI9NiuPE.2018.O/d=1/excm=_b/ed=1/dg=0/br=1/wt=2/ujg=1/rs=AFTLRidQJi0sTvT_z_BsGA1rHwVjPvfmlg/ee=Pjplud:PoEs9b;QGR0gd:Mlhmy;ScI3Yc:e7Hzgb;YIZmRd:A1yn5d;cEt90b:ws9Tlc;dowIGb:ebZ3mb/dti=1/m=_b:837:254)
[   14746ms] Uncaught (in promise) Error: Error in queryTasks



https://jules.google.com/session
    at Ip._.T.Object.assign.Nb (https://www.gstatic.com/_/mss/boq-pitchfork/_/js/k=boq-pitchfork.Swebot.en_US.pF_QI9NiuPE.2018.O/d=1/excm=_b/ed=1/dg=0/br=1/wt=2/ujg=1/rs=AFTLRidQJi0sTvT_z_BsGA1rHwVjPvfmlg/ee=Pjplud:PoEs9b;QGR0gd:Mlhmy;ScI3Yc:e7Hzgb;YIZmRd:A1yn5d;cEt90b:ws9Tlc;dowIGb:ebZ3mb/dti=1/m=_b:718:340)
    at mI (https://www.gstatic.com/_/mss/boq-pitchfork/_/js/k=boq-pitchfork.Swebot.en_US.pF_QI9NiuPE.2018.O/d=1/excm=_b/ed=1/dg=0/br=1/wt=2/ujg=1/rs=AFTLRidQJi0sTvT_z_BsGA1rHwVjPvfmlg/ee=Pjplud:PoEs9b;QGR0gd:Mlhmy;ScI3Yc:e7Hzgb;YIZmRd:A1yn5d;cEt90b:ws9Tlc;dowIGb:ebZ3mb/dti=1/m=_b:655:573)
    at rf (https://www.gstatic.com/_/mss/boq-pitchfork/_/js/k=boq-pitchfork.Swebot.en_US.pF_QI9NiuPE.2018.O/d=1/excm=_b/ed=1/dg=0/br=1/wt=2/ujg=1/rs=AFTLRidQJi0sTvT_z_BsGA1rHwVjPvfmlg/ee=Pjplud:PoEs9b;QGR0gd:Mlhmy;ScI3Yc:e7Hzgb;YIZmRd:A1yn5d;cEt90b:ws9Tlc;dowIGb:ebZ3mb/dti=1/m=_b:158:70)
    at qf (https://www.gstatic.com/_/mss/boq-pitchfork/_/js/k=boq-pitchfork.Swebot.en_US.pF_QI9NiuPE.2018.O/d=1/excm=_b/ed=1/dg=0/br=1/wt=2/ujg=1/rs=AFTLRidQJi0sTvT_z_BsGA1rHwVjPvfmlg/ee=Pjplud:PoEs9b;QGR0gd:Mlhmy;ScI3Yc:e7Hzgb;YIZmRd:A1yn5d;cEt90b:ws9Tlc;dowIGb:ebZ3mb/dti=1/m=_b:159:254)
    at rf (https://www.gstatic.com/_/mss/boq-pitchfork/_/js/k=boq-pitchfork.Swebot.en_US.pF_QI9NiuPE.2018.O/d=1/excm=_b/ed=1/dg=0/br=1/wt=2/ujg=1/rs=AFTLRidQJi0sTvT_z_BsGA1rHwVjPvfmlg/ee=Pjplud:PoEs9b;QGR0gd:Mlhmy;ScI3Yc:e7Hzgb;YIZmRd:A1yn5d;cEt90b:ws9Tlc;dowIGb:ebZ3mb/dti=1/m=_b:158:60)
    at qf (https://www.gstatic.com/_/mss/boq-pitchfork/_/js/k=boq-pitchfork.Swebot.en_US.pF_QI9NiuPE.2018.O/d=1/excm=_b/ed=1/dg=0/br=1/wt=2/ujg=1/rs=AFTLRidQJi0sTvT_z_BsGA1rHwVjPvfmlg/ee=Pjplud:PoEs9b;QGR0gd:Mlhmy;ScI3Yc:e7Hzgb;YIZmRd:A1yn5d;cEt90b:ws9Tlc;dowIGb:ebZ3mb/dti=1/m=_b:159:254)
    at rf (https://www.gstatic.com/_/mss/boq-pitchfork/_/js/k=boq-pitchfork.Swebot.en_US.pF_QI9NiuPE.2018.O/d=1/excm=_b/ed=1/dg=0/br=1/wt=2/ujg=1/rs=AFTLRidQJi0sTvT_z_BsGA1rHwVjPvfmlg/ee=Pjplud:PoEs9b;QGR0gd:Mlhmy;ScI3Yc:e7Hzgb;YIZmRd:A1yn5d;cEt90b:ws9Tlc;dowIGb:ebZ3mb/dti=1/m=_b:158:60)
    at qf (https://www.gstatic.com/_/mss/boq-pitchfork/_/js/k=boq-pitchfork.Swebot.en_US.pF_QI9NiuPE.2018.O/d=1/excm=_b/ed=1/dg=0/br=1/wt=2/ujg=1/rs=AFTLRidQJi0sTvT_z_BsGA1rHwVjPvfmlg/ee=Pjplud:PoEs9b;QGR0gd:Mlhmy;ScI3Yc:e7Hzgb;YIZmRd:A1yn5d;cEt90b:ws9Tlc;dowIGb:ebZ3mb/dti=1/m=_b:159:254)
    at rf (https://www.gstatic.com/_/mss/boq-pitchfork/_/js/k=boq-pitchfork.Swebot.en_US.pF_QI9NiuPE.2018.O/d=1/excm=_b/ed=1/dg=0/br=1/wt=2/ujg=1/rs=AFTLRidQJi0sTvT_z_BsGA1rHwVjPvfmlg/ee=Pjplud:PoEs9b;QGR0gd:Mlhmy;ScI3Yc:e7Hzgb;YIZmRd:A1yn5d;cEt90b:ws9Tlc;dowIGb:ebZ3mb/dti=1/m=_b:158:60)
    at qf (https://www.gstatic.com/_/mss/boq-pitchfork/_/js/k=boq-pitchfork.Swebot.en_US.pF_QI9NiuPE.2018.O/d=1/excm=_b/ed=1/dg=0/br=1/wt=2/ujg=1/rs=AFTLRidQJi0sTvT_z_BsGA1rHwVjPvfmlg/ee=Pjplud:PoEs9b;QGR0gd:Mlhmy;ScI3Yc:e7Hzgb;YIZmRd:A1yn5d;cEt90b:ws9Tlc;dowIGb:ebZ3mb/dti=1/m=_b:159:254)
    at rf (https://www.gstatic.com/_/mss/boq-pitchfork/_/js/k=boq-pitchfork.Swebot.en_US.pF_QI9NiuPE.2018.O/d=1/excm=_b/ed=1/dg=0/br=1/wt=2/ujg=1/rs=AFTLRidQJi0sTvT_z_BsGA1rHwVjPvfmlg/ee=Pjplud:PoEs9b;QGR0gd:Mlhmy;ScI3Yc:e7Hzgb;YIZmRd:A1yn5d;cEt90b:ws9Tlc;dowIGb:ebZ3mb/dti=1/m=_b:158:60)
    at qf (https://www.gstatic.com/_/mss/boq-pitchfork/_/js/k=boq-pitchfork.Swebot.en_US.pF_QI9NiuPE.2018.O/d=1/excm=_b/ed=1/dg=0/br=1/wt=2/ujg=1/rs=AFTLRidQJi0sTvT_z_BsGA1rHwVjPvfmlg/ee=Pjplud:PoEs9b;QGR0gd:Mlhmy;ScI3Yc:e7Hzgb;YIZmRd:A1yn5d;cEt90b:ws9Tlc;dowIGb:ebZ3mb/dti=1/m=_b:159:254)
    at rf (https://www.gstatic.com/_/mss/boq-pitchfork/_/js/k=boq-pitchfork.Swebot.en_US.pF_QI9NiuPE.2018.O/d=1/excm=_b/ed=1/dg=0/br=1/wt=2/ujg=1/rs=AFTLRidQJi0sTvT_z_BsGA1rHwVjPvfmlg/ee=Pjplud:PoEs9b;QGR0gd:Mlhmy;ScI3Yc:e7Hzgb;YIZmRd:A1yn5d;cEt90b:ws9Tlc;dowIGb:ebZ3mb/dti=1/m=_b:158:60)
    at qf (https://www.gstatic.com/_/mss/boq-pitchfork/_/js/k=boq-pitchfork.Swebot.en_US.pF_QI9NiuPE.2018.O/d=1/excm=_b/ed=1/dg=0/br=1/wt=2/ujg=1/rs=AFTLRidQJi0sTvT_z_BsGA1rHwVjPvfmlg/ee=Pjplud:PoEs9b;QGR0gd:Mlhmy;ScI3Yc:e7Hzgb;YIZmRd:A1yn5d;cEt90b:ws9Tlc;dowIGb:ebZ3mb/dti=1/m=_b:159:254)
    at run (https://www.gstatic.com/_/mss/boq-pitchfork/_/js/k=boq-pitchfork.Swebot.en_US.pF_QI9NiuPE.2018.O/d=1/excm=_b/ed=1/dg=0/br=1/wt=2/ujg=1/rs=AFTLRidQJi0sTvT_z_BsGA1rHwVjPvfmlg/ee=Pjplud:PoEs9b;QGR0gd:Mlhmy;ScI3Yc:e7Hzgb;YIZmRd:A1yn5d;cEt90b:ws9Tlc;dowIGb:ebZ3mb/dti=1/m=_b:696:193)
    at fna (https://www.gstatic.com/_/mss/boq-pitchfork/_/js/k=boq-pitchfork.Swebot.en_US.pF_QI9NiuPE.2018.O/d=1/excm=_b/ed=1/dg=0/br=1/wt=2/ujg=1/rs=AFTLRidQJi0sTvT_z_BsGA1rHwVjPvfmlg/ee=Pjplud:PoEs9b;QGR0gd:Mlhmy;ScI3Yc:e7Hzgb;YIZmRd:A1yn5d;cEt90b:ws9Tlc;dowIGb:ebZ3mb/dti=1/m=_b:695:68)
    at flush (https://www.gstatic.com/_/mss/boq-pitchfork/_/js/k=boq-pitchfork.Swebot.en_US.pF_QI9NiuPE.2018.O/d=1/excm=_b/ed=1/dg=0/br=1/wt=2/ujg=1/rs=AFTLRidQJi0sTvT_z_BsGA1rHwVjPvfmlg/ee=Pjplud:PoEs9b;QGR0gd:Mlhmy;ScI3Yc:e7Hzgb;YIZmRd:A1yn5d;cEt90b:ws9Tlc;dowIGb:ebZ3mb/dti=1/m=_b:695:448)
    at T (https://www.gstatic.com/_/mss/boq-pitchfork/_/js/k=boq-pitchfork.Swebot.en_US.pF_QI9NiuPE.2018.O/d=1/excm=_b/ed=1/dg=0/br=1/wt=2/ujg=1/rs=AFTLRidQJi0sTvT_z_BsGA1rHwVjPvfmlg/ee=Pjplud:PoEs9b;QGR0gd:Mlhmy;ScI3Yc:e7Hzgb;YIZmRd:A1yn5d;cEt90b:ws9Tlc;dowIGb:ebZ3mb/dti=1/m=_b:699:278)
    at kna (https://www.gstatic.com/_/mss/boq-pitchfork/_/js/k=boq-pitchfork.Swebot.en_US.pF_QI9NiuPE.2018.O/d=1/excm=_b/ed=1/dg=0/br=1/wt=2/ujg=1/rs=AFTLRidQJi0sTvT_z_BsGA1rHwVjPvfmlg/ee=Pjplud:PoEs9b;QGR0gd:Mlhmy;ScI3Yc:e7Hzgb;YIZmRd:A1yn5d;cEt90b:ws9Tlc;dowIGb:ebZ3mb/dti=1/m=_b:697:909)
    at <anonymous> (https://www.gstatic.com/_/mss/boq-pitchfork/_/js/k=boq-pitchfork.Swebot.en_US.pF_QI9NiuPE.2018.O/d=1/excm=_b/ed=1/dg=0/br=1/wt=2/ujg=1/rs=AFTLRidQJi0sTvT_z_BsGA1rHwVjPvfmlg/ee=Pjplud:PoEs9b;QGR0gd:Mlhmy;ScI3Yc:e7Hzgb;YIZmRd:A1yn5d;cEt90b:ws9Tlc;dowIGb:ebZ3mb/dti=1/m=_b:714:461)
    at run (https://www.gstatic.com/_/mss/boq-pitchfork/_/js/k=boq-pitchfork.Swebot.en_US.pF_QI9NiuPE.2018.O/d=1/excm=_b/ed=1/dg=0/br=1/wt=2/ujg=1/rs=AFTLRidQJi0sTvT_z_BsGA1rHwVjPvfmlg/ee=Pjplud:PoEs9b;QGR0gd:Mlhmy;ScI3Yc:e7Hzgb;YIZmRd:A1yn5d;cEt90b:ws9Tlc;dowIGb:ebZ3mb/dti=1/m=_b:682:152)
    at vna (https://www.gstatic.com/_/mss/boq-pitchfork/_/js/k=boq-pitchfork.Swebot.en_US.pF_QI9NiuPE.2018.O/d=1/excm=_b/ed=1/dg=0/br=1/wt=2/ujg=1/rs=AFTLRidQJi0sTvT_z_BsGA1rHwVjPvfmlg/ee=Pjplud:PoEs9b;QGR0gd:Mlhmy;ScI3Yc:e7Hzgb;YIZmRd:A1yn5d;cEt90b:ws9Tlc;dowIGb:ebZ3mb/dti=1/m=_b:714:445)
    at <anonymous> (https://www.gstatic.com/_/mss/boq-pitchfork/_/js/k=boq-pitchfork.Swebot.en_US.pF_QI9NiuPE.2018.O/d=1/excm=_b/ed=1/dg=0/br=1/wt=2/ujg=1/rs=AFTLRidQJi0sTvT_z_BsGA1rHwVjPvfmlg/ee=Pjplud:PoEs9b;QGR0gd:Mlhmy;ScI3Yc:e7Hzgb;YIZmRd:A1yn5d;cEt90b:ws9Tlc;dowIGb:ebZ3mb/dti=1/m=_b:716:424)
    at <anonymous> (https://www.gstatic.com/_/mss/boq-pitchfork/_/js/k=boq-pitchfork.Swebot.en_US.pF_QI9NiuPE.2018.O/d=1/excm=_b/ed=1/dg=0/br=1/wt=2/ujg=1/rs=AFTLRidQJi0sTvT_z_BsGA1rHwVjPvfmlg/ee=Pjplud:PoEs9b;QGR0gd:Mlhmy;ScI3Yc:e7Hzgb;YIZmRd:A1yn5d;cEt90b:ws9Tlc;dowIGb:ebZ3mb/dti=1/m=_b:219:278)
    at c (https://www.gstatic.com/_/mss/boq-pitchfork/_/js/k=boq-pitchfork.Swebot.en_US.pF_QI9NiuPE.2018.O/d=1/excm=_b/ed=1/dg=0/br=1/wt=2/ujg=1/rs=AFTLRidQJi0sTvT_z_BsGA1rHwVjPvfmlg/ee=Pjplud:PoEs9b;QGR0gd:Mlhmy;ScI3Yc:e7Hzgb;YIZmRd:A1yn5d;cEt90b:ws9Tlc;dowIGb:ebZ3mb/dti=1/m=_b:837:254)
[   18750ms] Uncaught (in promise) Error: Error in queryTasks



https://jules.google.com/session
    at Ip._.T.Object.assign.Nb (https://www.gstatic.com/_/mss/boq-pitchfork/_/js/k=boq-pitchfork.Swebot.en_US.pF_QI9NiuPE.2018.O/d=1/excm=_b/ed=1/dg=0/br=1/wt=2/ujg=1/rs=AFTLRidQJi0sTvT_z_BsGA1rHwVjPvfmlg/ee=Pjplud:PoEs9b;QGR0gd:Mlhmy;ScI3Yc:e7Hzgb;YIZmRd:A1yn5d;cEt90b:ws9Tlc;dowIGb:ebZ3mb/dti=1/m=_b:718:340)
    at mI (https://www.gstatic.com/_/mss/boq-pitchfork/_/js/k=boq-pitchfork.Swebot.en_US.pF_QI9NiuPE.2018.O/d=1/excm=_b/ed=1/dg=0/br=1/wt=2/ujg=1/rs=AFTLRidQJi0sTvT_z_BsGA1rHwVjPvfmlg/ee=Pjplud:PoEs9b;QGR0gd:Mlhmy;ScI3Yc:e7Hzgb;YIZmRd:A1yn5d;cEt90b:ws9Tlc;dowIGb:ebZ3mb/dti=1/m=_b:655:573)
    at rf (https://www.gstatic.com/_/mss/boq-pitchfork/_/js/k=boq-pitchfork.Swebot.en_US.pF_QI9NiuPE.2018.O/d=1/excm=_b/ed=1/dg=0/br=1/wt=2/ujg=1/rs=AFTLRidQJi0sTvT_z_BsGA1rHwVjPvfmlg/ee=Pjplud:PoEs9b;QGR0gd:Mlhmy;ScI3Yc:e7Hzgb;YIZmRd:A1yn5d;cEt90b:ws9Tlc;dowIGb:ebZ3mb/dti=1/m=_b:158:70)
    at qf (https://www.gstatic.com/_/mss/boq-pitchfork/_/js/k=boq-pitchfork.Swebot.en_US.pF_QI9NiuPE.2018.O/d=1/excm=_b/ed=1/dg=0/br=1/wt=2/ujg=1/rs=AFTLRidQJi0sTvT_z_BsGA1rHwVjPvfmlg/ee=Pjplud:PoEs9b;QGR0gd:Mlhmy;ScI3Yc:e7Hzgb;YIZmRd:A1yn5d;cEt90b:ws9Tlc;dowIGb:ebZ3mb/dti=1/m=_b:159:254)
    at rf (https://www.gstatic.com/_/mss/boq-pitchfork/_/js/k=boq-pitchfork.Swebot.en_US.pF_QI9NiuPE.2018.O/d=1/excm=_b/ed=1/dg=0/br=1/wt=2/ujg=1/rs=AFTLRidQJi0sTvT_z_BsGA1rHwVjPvfmlg/ee=Pjplud:PoEs9b;QGR0gd:Mlhmy;ScI3Yc:e7Hzgb;YIZmRd:A1yn5d;cEt90b:ws9Tlc;dowIGb:ebZ3mb/dti=1/m=_b:158:60)
    at qf (https://www.gstatic.com/_/mss/boq-pitchfork/_/js/k=boq-pitchfork.Swebot.en_US.pF_QI9NiuPE.2018.O/d=1/excm=_b/ed=1/dg=0/br=1/wt=2/ujg=1/rs=AFTLRidQJi0sTvT_z_BsGA1rHwVjPvfmlg/ee=Pjplud:PoEs9b;QGR0gd:Mlhmy;ScI3Yc:e7Hzgb;YIZmRd:A1yn5d;cEt90b:ws9Tlc;dowIGb:ebZ3mb/dti=1/m=_b:159:254)
    at rf (https://www.gstatic.com/_/mss/boq-pitchfork/_/js/k=boq-pitchfork.Swebot.en_US.pF_QI9NiuPE.2018.O/d=1/excm=_b/ed=1/dg=0/br=1/wt=2/ujg=1/rs=AFTLRidQJi0sTvT_z_BsGA1rHwVjPvfmlg/ee=Pjplud:PoEs9b;QGR0gd:Mlhmy;ScI3Yc:e7Hzgb;YIZmRd:A1yn5d;cEt90b:ws9Tlc;dowIGb:ebZ3mb/dti=1/m=_b:158:60)
    at qf (https://www.gstatic.com/_/mss/boq-pitchfork/_/js/k=boq-pitchfork.Swebot.en_US.pF_QI9NiuPE.2018.O/d=1/excm=_b/ed=1/dg=0/br=1/wt=2/ujg=1/rs=AFTLRidQJi0sTvT_z_BsGA1rHwVjPvfmlg/ee=Pjplud:PoEs9b;QGR0gd:Mlhmy;ScI3Yc:e7Hzgb;YIZmRd:A1yn5d;cEt90b:ws9Tlc;dowIGb:ebZ3mb/dti=1/m=_b:159:254)
    at rf (https://www.gstatic.com/_/mss/boq-pitchfork/_/js/k=boq-pitchfork.Swebot.en_US.pF_QI9NiuPE.2018.O/d=1/excm=_b/ed=1/dg=0/br=1/wt=2/ujg=1/rs=AFTLRidQJi0sTvT_z_BsGA1rHwVjPvfmlg/ee=Pjplud:PoEs9b;QGR0gd:Mlhmy;ScI3Yc:e7Hzgb;YIZmRd:A1yn5d;cEt90b:ws9Tlc;dowIGb:ebZ3mb/dti=1/m=_b:158:60)
    at qf (https://www.gstatic.com/_/mss/boq-pitchfork/_/js/k=boq-pitchfork.Swebot.en_US.pF_QI9NiuPE.2018.O/d=1/excm=_b/ed=1/dg=0/br=1/wt=2/ujg=1/rs=AFTLRidQJi0sTvT_z_BsGA1rHwVjPvfmlg/ee=Pjplud:PoEs9b;QGR0gd:Mlhmy;ScI3Yc:e7Hzgb;YIZmRd:A1yn5d;cEt90b:ws9Tlc;dowIGb:ebZ3mb/dti=1/m=_b:159:254)
    at rf (https://www.gstatic.com/_/mss/boq-pitchfork/_/js/k=boq-pitchfork.Swebot.en_US.pF_QI9NiuPE.2018.O/d=1/excm=_b/ed=1/dg=0/br=1/wt=2/ujg=1/rs=AFTLRidQJi0sTvT_z_BsGA1rHwVjPvfmlg/ee=Pjplud:PoEs9b;QGR0gd:Mlhmy;ScI3Yc:e7Hzgb;YIZmRd:A1yn5d;cEt90b:ws9Tlc;dowIGb:ebZ3mb/dti=1/m=_b:158:60)
    at qf (https://www.gstatic.com/_/mss/boq-pitchfork/_/js/k=boq-pitchfork.Swebot.en_US.pF_QI9NiuPE.2018.O/d=1/excm=_b/ed=1/dg=0/br=1/wt=2/ujg=1/rs=AFTLRidQJi0sTvT_z_BsGA1rHwVjPvfmlg/ee=Pjplud:PoEs9b;QGR0gd:Mlhmy;ScI3Yc:e7Hzgb;YIZmRd:A1yn5d;cEt90b:ws9Tlc;dowIGb:ebZ3mb/dti=1/m=_b:159:254)
    at rf (https://www.gstatic.com/_/mss/boq-pitchfork/_/js/k=boq-pitchfork.Swebot.en_US.pF_QI9NiuPE.2018.O/d=1/excm=_b/ed=1/dg=0/br=1/wt=2/ujg=1/rs=AFTLRidQJi0sTvT_z_BsGA1rHwVjPvfmlg/ee=Pjplud:PoEs9b;QGR0gd:Mlhmy;ScI3Yc:e7Hzgb;YIZmRd:A1yn5d;cEt90b:ws9Tlc;dowIGb:ebZ3mb/dti=1/m=_b:158:60)
    at qf (https://www.gstatic.com/_/mss/boq-pitchfork/_/js/k=boq-pitchfork.Swebot.en_US.pF_QI9NiuPE.2018.O/d=1/excm=_b/ed=1/dg=0/br=1/wt=2/ujg=1/rs=AFTLRidQJi0sTvT_z_BsGA1rHwVjPvfmlg/ee=Pjplud:PoEs9b;QGR0gd:Mlhmy;ScI3Yc:e7Hzgb;YIZmRd:A1yn5d;cEt90b:ws9Tlc;dowIGb:ebZ3mb/dti=1/m=_b:159:254)
    at run (https://www.gstatic.com/_/mss/boq-pitchfork/_/js/k=boq-pitchfork.Swebot.en_US.pF_QI9NiuPE.2018.O/d=1/excm=_b/ed=1/dg=0/br=1/wt=2/ujg=1/rs=AFTLRidQJi0sTvT_z_BsGA1rHwVjPvfmlg/ee=Pjplud:PoEs9b;QGR0gd:Mlhmy;ScI3Yc:e7Hzgb;YIZmRd:A1yn5d;cEt90b:ws9Tlc;dowIGb:ebZ3mb/dti=1/m=_b:696:193)
    at fna (https://www.gstatic.com/_/mss/boq-pitchfork/_/js/k=boq-pitchfork.Swebot.en_US.pF_QI9NiuPE.2018.O/d=1/excm=_b/ed=1/dg=0/br=1/wt=2/ujg=1/rs=AFTLRidQJi0sTvT_z_BsGA1rHwVjPvfmlg/ee=Pjplud:PoEs9b;QGR0gd:Mlhmy;ScI3Yc:e7Hzgb;YIZmRd:A1yn5d;cEt90b:ws9Tlc;dowIGb:ebZ3mb/dti=1/m=_b:695:68)
    at flush (https://www.gstatic.com/_/mss/boq-pitchfork/_/js/k=boq-pitchfork.Swebot.en_US.pF_QI9NiuPE.2018.O/d=1/excm=_b/ed=1/dg=0/br=1/wt=2/ujg=1/rs=AFTLRidQJi0sTvT_z_BsGA1rHwVjPvfmlg/ee=Pjplud:PoEs9b;QGR0gd:Mlhmy;ScI3Yc:e7Hzgb;YIZmRd:A1yn5d;cEt90b:ws9Tlc;dowIGb:ebZ3mb/dti=1/m=_b:695:448)
    at T (https://www.gstatic.com/_/mss/boq-pitchfork/_/js/k=boq-pitchfork.Swebot.en_US.pF_QI9NiuPE.2018.O/d=1/excm=_b/ed=1/dg=0/br=1/wt=2/ujg=1/rs=AFTLRidQJi0sTvT_z_BsGA1rHwVjPvfmlg/ee=Pjplud:PoEs9b;QGR0gd:Mlhmy;ScI3Yc:e7Hzgb;YIZmRd:A1yn5d;cEt90b:ws9Tlc;dowIGb:ebZ3mb/dti=1/m=_b:699:278)
    at kna (https://www.gstatic.com/_/mss/boq-pitchfork/_/js/k=boq-pitchfork.Swebot.en_US.pF_QI9NiuPE.2018.O/d=1/excm=_b/ed=1/dg=0/br=1/wt=2/ujg=1/rs=AFTLRidQJi0sTvT_z_BsGA1rHwVjPvfmlg/ee=Pjplud:PoEs9b;QGR0gd:Mlhmy;ScI3Yc:e7Hzgb;YIZmRd:A1yn5d;cEt90b:ws9Tlc;dowIGb:ebZ3mb/dti=1/m=_b:697:909)
    at <anonymous> (https://www.gstatic.com/_/mss/boq-pitchfork/_/js/k=boq-pitchfork.Swebot.en_US.pF_QI9NiuPE.2018.O/d=1/excm=_b/ed=1/dg=0/br=1/wt=2/ujg=1/rs=AFTLRidQJi0sTvT_z_BsGA1rHwVjPvfmlg/ee=Pjplud:PoEs9b;QGR0gd:Mlhmy;ScI3Yc:e7Hzgb;YIZmRd:A1yn5d;cEt90b:ws9Tlc;dowIGb:ebZ3mb/dti=1/m=_b:714:461)
    at run (https://www.gstatic.com/_/mss/boq-pitchfork/_/js/k=boq-pitchfork.Swebot.en_US.pF_QI9NiuPE.2018.O/d=1/excm=_b/ed=1/dg=0/br=1/wt=2/ujg=1/rs=AFTLRidQJi0sTvT_z_BsGA1rHwVjPvfmlg/ee=Pjplud:PoEs9b;QGR0gd:Mlhmy;ScI3Yc:e7Hzgb;YIZmRd:A1yn5d;cEt90b:ws9Tlc;dowIGb:ebZ3mb/dti=1/m=_b:682:152)
    at vna (https://www.gstatic.com/_/mss/boq-pitchfork/_/js/k=boq-pitchfork.Swebot.en_US.pF_QI9NiuPE.2018.O/d=1/excm=_b/ed=1/dg=0/br=1/wt=2/ujg=1/rs=AFTLRidQJi0sTvT_z_BsGA1rHwVjPvfmlg/ee=Pjplud:PoEs9b;QGR0gd:Mlhmy;ScI3Yc:e7Hzgb;YIZmRd:A1yn5d;cEt90b:ws9Tlc;dowIGb:ebZ3mb/dti=1/m=_b:714:445)
    at <anonymous> (https://www.gstatic.com/_/mss/boq-pitchfork/_/js/k=boq-pitchfork.Swebot.en_US.pF_QI9NiuPE.2018.O/d=1/excm=_b/ed=1/dg=0/br=1/wt=2/ujg=1/rs=AFTLRidQJi0sTvT_z_BsGA1rHwVjPvfmlg/ee=Pjplud:PoEs9b;QGR0gd:Mlhmy;ScI3Yc:e7Hzgb;YIZmRd:A1yn5d;cEt90b:ws9Tlc;dowIGb:ebZ3mb/dti=1/m=_b:716:424)
    at <anonymous> (https://www.gstatic.com/_/mss/boq-pitchfork/_/js/k=boq-pitchfork.Swebot.en_US.pF_QI9NiuPE.2018.O/d=1/excm=_b/ed=1/dg=0/br=1/wt=2/ujg=1/rs=AFTLRidQJi0sTvT_z_BsGA1rHwVjPvfmlg/ee=Pjplud:PoEs9b;QGR0gd:Mlhmy;ScI3Yc:e7Hzgb;YIZmRd:A1yn5d;cEt90b:ws9Tlc;dowIGb:ebZ3mb/dti=1/m=_b:219:278)
    at c (https://www.gstatic.com/_/mss/boq-pitchfork/_/js/k=boq-pitchfork.Swebot.en_US.pF_QI9NiuPE.2018.O/d=1/excm=_b/ed=1/dg=0/br=1/wt=2/ujg=1/rs=AFTLRidQJi0sTvT_z_BsGA1rHwVjPvfmlg/ee=Pjplud:PoEs9b;QGR0gd:Mlhmy;ScI3Yc:e7Hzgb;YIZmRd:A1yn5d;cEt90b:ws9Tlc;dowIGb:ebZ3mb/dti=1/m=_b:837:254)
